<?xml version="1.0" encoding="utf-8"?><testsuites><testsuite name="pytest" errors="0" failures="0" skipped="0" tests="9" time="1.175" timestamp="2025-07-04T20:05:52.018687+02:00" hostname="DANIELs-MacBook-Pro.local"><testcase classname="test.unit.TestToDo.TestDatabaseFunctions" name="test_delete_todo" time="0.151" /><testcase classname="test.unit.TestToDo.TestDatabaseFunctions" name="test_delete_todo_error" time="0.112" /><testcase classname="test.unit.TestToDo.TestDatabaseFunctions" name="test_get_todo" time="0.080" /><testcase classname="test.unit.TestToDo.TestDatabaseFunctions" name="test_list_todo" time="0.131" /><testcase classname="test.unit.TestToDo.TestDatabaseFunctions" name="test_put_todo" time="0.082" /><testcase classname="test.unit.TestToDo.TestDatabaseFunctions" name="test_put_todo_error" time="0.083" /><testcase classname="test.unit.TestToDo.TestDatabaseFunctions" name="test_table_exists" time="0.150" /><testcase classname="test.unit.TestToDo.TestDatabaseFunctions" name="test_update_todo" time="0.088" /><testcase classname="test.unit.TestToDo.TestDatabaseFunctions" name="test_update_todo_error" time="0.085" /></testsuite></testsuites>